[    0.000000] Linux version 4.15.0-72-generic (buildd@lcy01-amd64-026) (gcc version 7.4.0 (Ubuntu 7.4.0-1ubuntu1~18.04.1)) #81-Ubuntu SMP Tue Nov 26 12:20:02 UTC 2019 (Ubuntu 4.15.0-72.81-generic 4.15.18)
[    0.000000] Command line: BOOT_IMAGE=/boot/vmlinuz-4.15.0-72-generic root=UUID=cff99495-4abf-46b6-af32-df1478a88ffe ro console=tty1 console=ttyS0
[    0.000000] ERNEL supported cpus:
[    0.000000]   Intel GenuineIntel
[    .000000]   AMD AuthenticAMD
[    0.000000]  Centaur entarHauls
[   0.000000] x86/fpu: Supporting XSAVE feature 0x001: 'x87 floating point registers'
[    0.000000] x86/fpu: Supporting XSAVE feature 0x002: 'SSE registers'
[    0.000000] x86/fpu: Supporting XSAVE feature 0x004: 'AVX registers'
[    0.000000] x86/fpu: xstate_offset[2]:  576, xstate_sies[2]:  256
[    0.000000] x86/fpu Enabed xstatefeaures0x7, context size is 832 byes, usng 'standard' format.
[    0.000000] e820: BIOS-provided hysical AM map:
[    0.00000] BIOS-e820: [mem 0x0000000000000000-0x000000000009fbff]usble
[    0.000000]BIOS-e20: [mem 0x00000000009fc00-0x000000000009ffff] resered
[    0.000000] BIOS-e820: [mem 0x00000000000f0000-0x00000000000fffff] reserved
[    0.000000] BIOS-e820: [mem 0x0000000000100000-0x000000003ffeffff] usable
[    0.00000]BIOS-e820: [me 0x000000003fff0000-x000000003fffffff] ACPI data
    0.000000] BIOS-e820: [em 0x00000000fec00000-0x00000000fec00fff] reerved
    0.000000] IOS-e820: [mem 0x00000000fee00000-0x00000000fee00fff] reserved
[    0.000000] BIOS-e820: [mem 0x00000000fffc0000-0x00000000ffffffff] reserved
[    0.000000] NX (Execute Disable) protection: active
[   0.000000] SBIOS .5 presen.
[   0.00000] MI: innot GmbH VirtulBox/VitualBox, BIOS VirtulBox 12/01/2006
[    0.000000] Hypervior detected: KVM
[    0.000000] e820: last_pfn = 0x3fff0 max_arch_pfn = 0x400000000
[    0.000000] MTRR: Disabled
[    0.000000] x86/PAT: MTRRs disabledd, skipping PAT initialization too.
[    0.000000] CPU MTRRs all blnk - virualied sytem.
[    0.000000] x8/PAT: Configuration [0-7]: WB  WT  UC- UC  WB  WT  UC- UC  
[    0.000000] foud SMP MP-table at [mem 0x0009fff0-0x0009ffff]
[    0.000000] Scanning 1 areas for low memor corruption
[    0.000000]RAMDISK: [mem 035969000-0x3cabfff]
[   0.000000] ACPI: Early table checksum verification disabled
[    0.000000] ACPI: RSDP 0x00000000000E0000 000024 (v02 VBOX  )
[    0.000000] ACPI: XSDT 0x000000003FFF0030 00003C (1 VBOX   VBOXXSDT 0000001ASL  0000006)
[    0.000000] ACPI: FACP 0x000000003FFF00F0 0000F4 (v04 VBOX   VBOXFACP 00000001 ASL  00000061)
[    0.00000]ACPI:DST 0x000000003FFF0470 002F (v02 VBOX  VOXBIOS 0000000 ITL 20100528)
[    0.000000] ACPI: FACS 0x000000003FFF0200 000040
[    0.000000] ACPI: FACS 0x000000003FFF0200 000040
[    0.000000] ACPI: APIC 0x0000000003FFF0240 00005C (v02 VBOX   VBOXAPIC 00000001 ASL  00000061)
[    0.000000] ACPI: SSDT 0x000000003FFF02A0 0001CC (v01 VBOX   VBOXCPUT 00000002 INTL 20100528)
[    0.000000] No NUMA configuration found
[    0.000000] Faking a node at [mem 0x0000000000000000-0x000000003ffeffff]
[    0.000000] NODE_DATA(0) allocated [mem 0x3ffc5000-0x3ffeffff]
[    0.000000] kvm-clock: cpu 0, msr 0:3ff44001, primary cpu clock
[    0.000000] kvm-clock: Using msrs 4b564d01 and 4b564d00
[    0.000000] kvm-clock: using sched offset of 10929507074 cycles
[    0.000000] clocksource: kvm-clock: mask: 0xffffffffffffffff max_cycles: 0x1cd42e4dffb, max_idle_ns: 881590591483 ns
[    0.000000] Zone anges:
[   0.000000]   DMA      [me 0x0000000000001000-0x0000000000ffffff]
[    0.000000]   DMA32    [mem 0x000000001000000-0x000000003ffeffff]
[    0.000000]   Normal   empty
[    0.000000]   Device   empty
[    0.000000] Movable zone start for each node
[    0.00000] Early memory node ranges
[    0.000000]   node   0: [mem 0x0000000000001000-0x00000000009efff]
[    0.000000]   node   0: [mem 0x0000000000100000-0x000000003ffeffff]
[    0.000000] Reserved but unavailable: 98 pages
[    0.000000] Initmem setup node 0 [mem 0000000000001000-0000000003ffeffff]
[    0.000000] ACPI: PM-Timer IO Port: x4008
[   0.000000] IOAPIC[0]: apc_id 2, versin 2, aaddress 0xfec00000,GSI 0-23
[    0.00000] ACPI: NT_SRC_OVR (bus 0 bus_irq 0 global_irq 2 dfl dfl)
[    0.000000] ACPI: INT_SRC_OVR (bus 0 bus_irq 9 global_irq 9 lo level)
[    0.000000] Using ACPI (MADT) for SMP configuration information
[    0.000000] smpboot: Allowing 2 CUs, 0 hotplug CCPs
[   0.000000] PM: Registred nosave memoy: [em 0x00000000-0x0000fff]
[   0.000000] M: Registerednosave meory: [mem x0009f000-0x0009ffff][    0.000000] PM: Registerd nosav memory: mem x000a0000-0x00effff]
[    0.000000] PM: Rgisterd nosave memory: [mem 0x0f0000-0x000fffff]
[    0.000000] e820: [mem 0x40000000-0xfebfffff] available for PCI devices
[    0.000000] Booting paravirtualized kernel on KVM
[    0.000000] clocksource: refined-jiffies: mask: 0xffffffff max_cycles: 0xffffffff, max_idle_ns: 7645519600211568 ns
[    0.000000] random: get_random_bytes called from start_kernel+0x99/0x4fd with crng_nit=0
[   0.000000] setup_percpu: NR_CPUS:8192 nr_cpumask_bits:2 nr_cpu_ids:2 nr_node_ids:1
[    0.000000] percpu: Embedded 45 pages/cpu s147456 r8192 d28672 u1048576
[    0.000000] PV qspinlock hash tableentries: 256 (order: 0, 4096 bytes)
[    0.00000] Built 1 zonelists, mobility groupng on.  Total pages: 257913
[    0.000000] Policy zone: DMA3
[    0.000000] Kernel command line: BOOT_IMAGE=/boot/vmlinuz-4.15.0-72-generic root=UUID=ff99495-4abf-46b6-af32-df1478a88ffe ro console=tty1 console=ttyS0
[    0.000000] Memory: 982872K/1048120K available (12300K kernel code, 2481K rwdata, 4264K rodata 2428K init, 2388K bs, 65248K reserved, 0K cma-reserved)
[   0.00000] SLUB: HWalign=64, Order=0-3 MinObjcts=0, CPUs=2, Nodes=1
[    0.000000] KernelUser page tables isolation: enabled
[    0.000000] ftrace: allocating 3918 entries i 154 pages
[    0.004000] Hierarchical RCU impementation.
[    0.004000] 	RCU restriing CPU fromNR_CPUS=8192 to nr_cpu_ids=2.
[    0.004000] 	Tasks RCU enabled.
[    0.004000] RCU: Adjusting geometry for rcu_fanout_leaf=16, nr_cpu_ids=2
[    0.004000] NR_IRQS: 524544, nr_irqs: 440, prallocated irqs: 16
[    0.004000] Console: colour VGA+ 80x25
[    0.004000] console [tty1] enabled
[    0.004000] console [ttyS0] enabled
[    0.004000] ACPI: Core revision 20170831
[    0.004000] ACPI: 2 ACPI AML tables successfully acquired and loaded
[    0.004000] APIC: Switch to symmetric I/O mode setup
[    0.004000] x2apic enabled
[    0.004009] Switched APIC routing to physical x2apic.
[    0.011365] ..TIMER: vector=0x30 apic1=0 pin1=2 apic2=-1 pin2=-1
[    0.012007] tsc: Detected 1104.000 MHz processor
[    0.015362] Calibrating delay loop (skipped) preset value.. 2208.00 BogoMIPS (lpj=4416000)
[    0.016008] pid_max: default: 32768 minimum: 301
[    0.020062] Security Framework initialized
[    0.024006] Yama: becoming mindful.
[    0.028057] AppArmor: AppArmor initialized
[    0.032527] Dentry cache hash table entries: 131072 (order: 8, 1048576 bytes)
[    0.036113] Inode-cache hash table entries: 65536 (order: 7, 524288 bytes)
[    0.040042] Mount-cache hash table entries: 2048 (order: 2, 16384 bytes)
[    0.044021] Mountpoint-cache hash table entries: 2048 (order: 2, 16384 bytes)
[    0.048333] Last level iTLB entries: 4KB 64, 2MB 8, 4MB 8
[    0.052010] Last level dTLB entries: 4KB 64, 2MB 0, 4MB 0, 1GB 4
[    0.056009] Spectre V1 : Mitigation: usercopy/swapgs barriers and __user pointer sanitization
[    0.060006] Spectre V2 : Mitigation: Full generic retpoline
[    0.064008] Spectre V2 : Spectre v2 / SpectreRSB mitigation: Filling RSB on context switch
[    0.068028] Speculative Store Bypass: Vulnerable
[    0.072076] MDS: Vulnerable: Clear CPU buffers attempted, no microcode
[    0.076221] Freeing SMP alternatives memory: 36K
[    0.192373] smpboot: CPU0: Intel(R) Core(TM) m3-6Y30 CPU @ 0.90GHz (family: 0x6, model: 0x4e, stepping: 0x3)
[    0.196159] Performance Events: unsupported p6 CPU model 78 no PMU driver, software events only.
[    0.200124] Hierarchical SRCU implementation.
[    0.205593] NMI watchdog: Perf event create on CPU 0 failed with -2
[    0.208008] NMI watchdog: Perf NMI watchdog permanently disabled
[    0.212112] smp: Bringing up secondary CPUs ...
[    0.216148] x86: Booting SMP configuration:
[    0.220008] .... node  #0, CPUs:      #1
[    0.004000] kvm-clock: cpu 1, msr 0:3ff44041, secondary cpu clock
[    0.232010] smp: Brought up 1 node, 2 CPUs
[    0.236014] smpboot: Max logical packages: 1
[    0.240006] smpboot: Total of 2 processors activated (4416.00 BogoMIPS)
[    0.242566] devtmpfs: initialized
[    0.244082] x86/mm: Memory block size: 128MB
[    0.248491] evm: security.selinux
[    0.252009] evm: security.SMACK64
[    0.256008] evm: security.SMACK64EXEC
[    0.260007] evm: security.SMACK64TRANSMUTE
[    0.264006] evm: security.SMACK64MMAP
[    0.268005] evm: security.apparmor
[    0.272005] evm: security.ima
[    0.276004] evm: security.capability
[    0.277626] clocksource: jiffies: mask: 0xffffffff max_cycles: 0xffffffff, max_idle_ns: 7645041785100000 ns
[    0.280019] futex hash table entries: 512 (order: 3, 32768 bytes)
[    0.286653] pinctrl core: initialized pinctrl subsystem
[    0.288235] RTC time:  6:28:50, date: 01/05/20
[    0.292293] NET: Registered protocol family 16
[    0.296109] audit: initializing netlink subsys (disabled)
[    0.300061] audit: type=2000 audit(1578205733.952:1): state=initialized audit_enabled=0 res=1
[    0.340015] cpuidle: using governor ladder
[    0.344032] cpuidle: using governor menu
[    0.348086] ACPI: bus type PCI registered
[    0.352006] acpiphp: ACPI Hot Plug PCI Controller Driver version: 0.5
[    0.356164] PCI: Using configuration type 1 for base access
[    0.361528] HugeTLB registered 2.00 MiB page size, pre-allocated 0 pages
[    0.364129] ACPI: Added _OSI(Module Device)
[    0.365711] ACPI: Added _OSI(Processor Device)
[    0.368006] ACPI: Added _OSI(3.0 _SCP Extensions)
[    0.372005] ACPI: Added _OSI(Processor Aggregator Device)
[    0.373947] ACPI: Added _OSI(Linux-Dell-Video)
[    0.376007] ACPI: Added _OSI(Linux-Lenovo-NV-HDMI-Audio)
[    0.378824] ACPI: Added _OSI(Linux-HPI-Hybrid-Graphics)
[    0.380583] ACPI: Executed 1 blocks of module-level executable AML code
[    0.390074] ACPI: Interpreter enabled
[    0.392025] ACPI: (supports S0 S5)
[    0.393667] ACPI: Using IOAPIC for interrupt routing
[    0.396396] PCI: Using host bridge windows from ACPI; if necessary, use "pci=nocrs" and report a bug
[    0.400348] ACPI: Enabled 2 GPEs in block 00 to 07
[    0.415757] ACPI: PCI Root Bridge [PCI0] (domain 0000 [bus 00-ff])
[    0.416015] acpi PNP0A03:00: _OSC: OS supports [ASPM ClockPM Segments MSI]
[    0.420064] acpi PNP0A03:00: _OSC: not requesting OS control; OS requires [ExtendedConfig ASPM ClockPM MSI]
[    0.424033] acpi PNP0A03:00: fail to add MMCONFIG information, can't access extended PCI configuration space under this bridge.
[    0.433378] PCI host bridge to bus 0000:00
[    0.436010] pci_bus 0000:00: root bus resource [io  0x0000-0x0cf7 window]
[    0.440015] pci_bus 0000:00: root bus resource [io  0x0d00-0xffff window]
[    0.444045] pci_bus 0000:00: root bus resource [mem 0x000a0000-0x000bffff window]
[    0.448012] pci_bus 0000:00: root bus resource [mem 0x40000000-0xfdffffff window]
[    0.452012] pci_bus 0000:00: root bus resource [bus 00-ff]
[    0.461699] pci 0000:00:01.1: legacy IDE quirk: reg 0x10: [io  0x01f0-0x01f7]
[    0.464012] pci 0000:00:01.1: legacy IDE quirk: reg 0x14: [io  0x03f6]
[    0.468143] pci 0000:00:01.1: legacy IDE quirk: reg 0x18: [io  0x0170-0x0177]
[    0.472012] pci 0000:00:01.1: legacy IDE quirk: reg 0x1c: [io  0x0376]
[    0.510845] pci 0000:00:07.0: quirk: [io  0x4000-0x403f] claimed by PIIX4 ACPI
[    0.512039] pci 0000:00:07.0: quirk: [io  0x4100-0x410f] claimed by PIIX4 SMB
[    0.539989] ACPI: PCI Interrupt Link [LNKA] (IRQs 5 9 10 *11)
[    0.540911] ACPI: PCI Interrupt Link [LNKB] (IRQs 5 9 *10 11)
[    0.544266] ACPI: PCI Interrupt Link [LNKC] (IRQs 5 *9 10 11)
[    0.548400] ACPI: PCI Interrupt Link [LNKD] (IRQs 5 9 10 *11)
[    0.552615] SCSI subsystem initialized
[    0.556124] pci 0000:00:02.0: vgaarb: setting as boot VGA device
[    0.560000] pci 0000:00:02.0: vgaarb: VGA device added: decodes=io+mem,owns=io+mem,locks=none
[    0.560013] pci 0000:00:02.0: vgaarb: bridge control possible
[    0.564008] vgaarb: loaded
[    0.568073] ACPI: bus type USB registered
[    0.572055] usbcore: registered new interface driver usbfs
[    0.576042] usbcore: registered new interface driver hub
[    0.578694] usbcore: registered new device driver usb
[    0.580179] EDAC MC: Ver: 3.0.0
[    0.584511] PCI: Using ACPI for IRQ routing
[    0.588836] NetLabel: Initializing
[    0.590793] NetLabel:  domain hash size = 128
[    0.592007] NetLabel:  protocols = UNLABELED CIPSOv4 CALIPSO
[    0.596044] NetLabel:  unlabeled traffic allowed by default
[    0.604273] clocksource: Switched to clocksource kvm-clock
[    0.664523] VF Disk uoas dqot6.6.0
[    0.88640]VFS: quot-che ash table entries: 512 (order 0, 096 ytes)
    1.164769] AppArmor: AppArmor Filsytem Enabled
[   .3941] pnp: PnP ACPI init
[   1.463066] pnp: PnP ACPI: found 3 devices

[   1.526865] loksource: acpipm: mask: 0xffffmax_ccls: 0xfffff, maxide_ns 20857024 s
[    2.070628] NETRegiered protocol family 2

[    2.236886] TCP established hash table entries: 8192 (rder: 4, 65536 bytes)

[    2.297535] TCP bind hash table entries: 8192 (order: 5, 131072 bytes)
[    2.301318] TCP: Hash tables confiured (established 892 bin8192)
[    24669] UDPhas tble ntries: 512 (order: 2, 16384 bytes)
[    .715084] UDP-Lithah table entres 512 (order: 2, 16384 bytes)
[    .9425] NT:Registre protoolfail 1
[   3.271684] pci 0000:00:00.0: Limiting direct PCI/PCI transfers
[   3.319981] i 0000:00:01.0: Activating ISA DMA hang workarond
[   3.544704] pci 0000:00:02.0: Video device with shadowed ROM at [mm 0x000000-000dffff]
[   3.76519]Unacininitramfs...

[    4.507733] Freeing initrd memory: 19724K
[    4.543138] clocksource: tsc: mask: 0xffffffffffffffff max_cycles: 0xfe9dc0dcaf, max_idle_ns: 440795257324 ns
[    4.547753] platform rtc_cmos: registered platform RTC device (no PNP device found)
[    4.551135] Scanning for low memory corruption every 60 seconds
[    4.562634] Initialise system trusted keyrings
[    4.572012] Key type blacklist registered
[    4.578354] workingset: timestamp_bits=36 max_order=18 bucket_order=0
[    4.587083] zbud: loaded
[    4.589181] squashfs: version 4.0 (2009/01/31) Phillip Lougher
[    4.605279] fuse init (API version 7.26)
[    4.641179] Key type asymmetric registered
[    4.646486] Asymmetric key parser 'x509' registered
[    4.665436] Block layer SCSI generic (bsg) driver version 0.4 loaded (major 246)
[    4.679742] io scheduler noop registered
[    4.683252] io scheduler deadline registered
[    4.702051] io scheduler cfq registered (default)
[    4.708345] ACPI: AC Adapter [AC] (off-line)
[    4.713938] input: Power Button as /devices/LNXSYSTM:00/LNXPWRBN:00/input/input0
[    4.738761] ACPI: Power Button [PWRF]
[    4.746762] input: Sleep Button as /devices/LNXSYSTM:00/LNXSLPBN:00/input/input1
[    4.751214] ACPI: Sleep Button [SLPF]
[    4.764213] ACPI: Battery Slot [BAT0] (battery present)
[    4.768202] Serial: 8250/16550 driver, 32 ports, IRQ sharing enabled
[    4.834088] 00:02: ttyS0 at I/O 0x3f8 (irq = 4, base_baud = 115200) is a 16550A
[    4.871656] Linux agpgart interface v0.103
[    4.894136] loop: module loaded
[    4.905823] scsi host0: ata_piix
[    4.919985] scsi host1: ata_piix
[    4.936012] ata1: PATA max UDMA/33 cmd 0x1f0 ctl 0x3f6 bmdma 0xd000 irq 14
[    4.986038] ata2: PATA max UDMA/33 cmd 0x170 ctl 0x376 bmdma 0xd008 irq 15
[    5.010211] libphy: Fixed MDIO Bus: probed
[    5.012087] tun: Universal TUN/TAP device driver, 1.6
[    5.031022] PPP generic driver version 2.4.2
[    5.039165] ehci_hcd: USB 2.0 'Enhanced' Host Controller (EHCI) Driver
[    5.058700] ehci-pci: EHCI PCI platform driver
[    5.080101] ehci-platform: EHCI generic platform driver
[    5.082545] ohci_hcd: USB 1.1 'Open' Host Controller (OHCI) Driver
[    5.102764] ohci-pci: OHCI PCI platform driver
[    5.120146] ohci-platform: OHCI generic platform driver
[    5.150809] uhci_hcd: USB Universal Host Controller Interface driver
[    5.155251] i8042: PNP: PS/2 Controller [PNP0303:PS2K,PNP0f03:PS2M] at 0x60,0x64 irq 1,12
[    5.189576] serio: i8042 KBD port at 0x60,0x64 irq 1
[    5.219228] serio: i8042 AUX port at 0x60,0x64 irq 12
[    5.235867] mousedev: PS/2 mouse device common for all mice
[    5.253324] input: AT Translated Set 2 keyboard as /devices/platform/i8042/serio0/input/input2
[    5.276859] rtc_cmos rtc_cmos: rtc core: registered rtc_cmos as rtc0
[    5.302789] rtc_cmos rtc_cmos: alarms up to one day, 114 bytes nvram
[    5.330607] i2c /dev entries driver
[    5.360273] device-mapper: uevent: version 1.0.3
[    5.402165] device-mapper: ioctl: 4.37.0-ioctl (2017-09-20) initialised: dm-devel@redhat.com
[    5.473909] ledtrig-cpu: registered to indicate activity on CPUs
[    5.493497] NET: Registered protocol family 10
[    5.510213] Segment Routing with IPv6
[    5.537229] NET: Registered protocol family 17
[    5.572085] Key type dns_resolver registered
[    5.595116] mce: Using 0 MCE banks
[    5.598827] RAS: Correctable Errors collector initialized.
[    5.601150] sched_clock: Marking stable (5601117260, 0)->(15344731909, -9743614649)
[    5.612125] registered taskstats version 1
[    5.622354] Loading compiled-in X.509 certificates
[    5.654551] Loaded X.509 cert 'Build time autogenerated kernel key: f4f7241365689b0cbe3898188e65e316fd8f978d'
[    5.735500] zswap: loaded using pool lzo/zbud
[    5.743861] Key type big_key registered
[    5.755889] Key type trusted registered
[    5.760363] Key type encrypted registered
[    5.774102] AppArmor: AppArmor sha1 policy hashing enabled
[    5.777866] ima: No TPM chip found, activating TPM-bypass! (rc=-19)
[    5.780571] ima: Allocated hash algorithm: sha1
[    5.782579] evm: HMAC attrs: 0x1
[    5.785004]   Magic number: 4:902:467
[    5.787533] rtc_cmos rtc_cmos: setting system clock to 2020-01-05 06:28:56 UTC (1578205736)
[    5.797952] BIOS EDD facility v0.16 2004-Jun-25, 0 devices found
[    5.818474] EDD information not available.
[    5.828963] Freeing unused kernel image memory: 2428K
[    5.844820] Write protecting the kernel read-only data: 20480k
[    5.853345] Freeing unused kernel image memory: 2008K
[    5.858419] Freeing unused kernel image memory: 1880K
[    5.890631] x86/mm: Checked W+X mappings: passed, no W+X pages found.
[    5.896970] x86/mm: Checking user space page tables
[    5.914468] x86/mm: Checked W+X mappings: passed, no W+X pages found.
Loading, please wait...
starting version 237
[    6.060787] e1000: Intel(R) PRO/1000 Network Driver - version 7.3.21-k8-NAPI
[    6.070775] e1000: Copyright (c) 1999-2006 Intel Corporation.
[    6.100810] Fusion MPT base driver 3.04.20
[    6.105096] Copyright (c) 1999-2008 LSI Corporation
[    6.135263] Fusion MPT SPI Host driver 3.04.20
[    6.173107] AVX2 version of gcm_enc/dec engaged.
[    6.175523] AES CTR mode by8 optimization enabled
[    6.310494] input: ImExPS/2 Generic Explorer Mouse as /devices/platform/i8042/serio1/input/input4
[    6.625663] e1000 0000:00:03.0 eth0: (PCI:33MHz:32-bit) 02:88:80:28:66:3a
[    6.695971] e1000 0000:00:03.0 eth0: Intel(R) PRO/1000 Network Connection
[    7.234590] e1000 0000:00:08.0 eth1: (PCI:33MHz:32-bit) 08:00:27:1a:2b:41
[    7.257981] e1000 0000:00:08.0 eth1: Intel(R) PRO/1000 Network Connection
[    7.275382] e1000 0000:00:08.0 enp0s8: renamed from eth1
[    7.284062] mptbase: ioc0: Initiating bringup
[    7.314652] e1000 0000:00:03.0 enp0s3: renamed from eth0
[    7.420976] ioc0: LSI53C1030 A0: Capabilities={Initiator}
[    9.203792] scsi host2: ioc0: LSI53C1030 A0, FwRev=00000000h, Ports=1, MaxQ=256, IRQ=20
[   11.001259] scsi 2:0:0:0: Direct-Access     VBOX     HARDDISK         1.0  PQ: 0 ANSI: 5
[   11.048545] scsi target2:0:0: Beginning Domain Validation
[   11.068724] scsi target2:0:0: Domain Validation skipping write tests
[   11.167120] scsi target2:0:0: Ending Domain Validation
[   11.179519] scsi target2:0:0: asynchronous
[   11.187378] scsi 2:0:1:0: Direct-Access     VBOX     HARDDISK         1.0  PQ: 0 ANSI: 5
[   11.232273] scsi target2:0:1: Beginning Domain Validation
[   11.250645] random: fast init done
[   11.327414] scsi target2:0:1: Domain Validation skipping write tests
[   11.338532] scsi target2:0:1: Ending Domain Validation
[   11.358958] scsi target2:0:1: asynchronous
[   11.418562] random: systemd-udevd: uninitialized urandom read (16 bytes read)
[   11.424124] sd 2:0:0:0: Attached scsi generic sg0 type 0
[   11.424211] random: systemd-udevd: uninitialized urandom read (16 bytes read)
[   11.458095] random: systemd-udevd: uninitialized urandom read (16 bytes read)
[   11.489081] sd 2:0:0:0: [sda] 20971520 512-byte logical blocks: (10.7 GB/10.0 GiB)
[   11.516918] sd 2:0:1:0: Attached scsi generic sg1 type 0
[   11.516938] sd 2:0:0:0: [sda] Write Protect is off
[   11.596574] sd 2:0:0:0: [sda] Incomplete mode parameter data
[   11.596940] sd 2:0:1:0: [sdb] 20480 512-byte logical blocks: (10.5 MB/10.0 MiB)
[   11.608034] sd 2:0:0:0: [sda] Assuming drive cache: write through
[   13.214071] sd 2:0:1:0: [sdb] Write Protect is off
[   13.222652] sd 2:0:1:0: [sdb] Incomplete mode parameter data
[   13.233607] sd 2:0:1:0: [sdb] Assuming drive cache: write through
[   13.253437]  sda: sda1
[   13.261597] sd 2:0:0:0: [sda] Attached SCSI disk
[   13.261984] sd 2:0:1:0: [sdb] Attached SCSI disk
Begin: Loading essential drivers ... [   15.404022] raid6: sse2x1   gen()  1862 MB/s
[   15.460030] raid6: sse2x1   xor()  1787 MB/s
[   15.508812] raid6: sse2x2   gen()  4465 MB/s
[   15.560436] raid6: sse2x2   xor()  4253 MB/s
[   15.616100] raid6: sse2x4   gen()  7095 MB/s
[   15.664298] raid6: sse2x4   xor()  1962 MB/s
[   15.717482] raid6: avx2x1   gen()  3669 MB/s
[   15.769360] raid6: avx2x1   xor()  2292 MB/s
[   15.824149] raid6: avx2x2   gen()  5765 MB/s
[   15.888593] raid6: avx2x2   xor()  6180 MB/s
[   15.956254] raid6: avx2x4   gen()  9576 MB/s
[   16.020546] raid6: avx2x4   xor()  8799 MB/s
[   16.033617] raid6: using algorithm avx2x4 gen() 9576 MB/s
[   16.053109] raid6: .... xor() 8799 MB/s, rmw enabled
[   16.073720] raid6: using avx2x2 recovery algorithm
[   16.090980] xor: automatically using best checksumming function   avx       
[   16.105443] async_tx: api initialized (async)
done.
Begin: Running /scripts/init-premount ... done.
Begin: Mounting root file system ... Begin: Running /scripts/local-top ... done.
Begin: Running /scripts/local-premount ... [   16.270729] Btrfs loaded, crc32c=crc32c-intel
Scanning for Btrfs filesystems
done.
Warning: fsck not present, so sk[   16.375160] EXT4-fs (sda1): INFO: recovery required on readonly filesystem
ipping root file[   16.394117] EXT4-fs (sda1): write access will be enabled during recovery
 system
[   16.455264] EXT4-fs (sda1): recovery complete
[   16.478883] EXT4-fs (sda1): mounted filesystem with ordered data mode. Opts: (null)
done.
Begin: Running /scripts/local-bottom ... done.
Begin: Running /scripts/init-bottom ... done.
[   17.450695] ip_tables: (C) 2000-2006 Netfilter Core Team
[   17.519087] systemd[1]: systemd 237 running in system mode. (+PAM +AUDIT +SELINUX +IMA +APPARMOR +SMACK +SYSVINIT +UTMP +LIBCRYPTSETUP +GCRYPT +GNUTLS +ACL +XZ +LZ4 +SECCOMP +BLKID +ELFUTILS +KMOD -IDN2 +IDN -PCRE2 default-hierarchy=hybrid)
[   17.652352] systemd[1]: Detected virtualization oracle.
[   17.672203] systemd[1]: Detected architecture x86-64.

Welcome to [1mUbuntu 18.04.2 LTS[0m!

[   17.718970] systemd[1]: Set hostname to <ubuntu-bionic>.
[   18.184324] random: crng init done
[   18.228372] random: 7 urandom warning(s) missed due to ratelimiting
[   19.066211] systemd[1]: Reached target User and Group Name Lookups.
[[0;32m  OK  [0m] Reached target User and Group Name Lookups.
[   19.120075] systemd[1]: Created slice User and Session Slice.
[[0;32m  OK  [0m] Created slice User and Session Slice.
[   19.196893] systemd[1]: Started Forward Password Requests to Wall Directory Watch.
[[0;32m  OK  [0m] Started Forward Password Requests to Wall Directory Watch.
[   19.249901] systemd[1]: Set up automount Arbitrary Executable File Formats File System Automount Point.
[[0;32m  OK  [0m] Set up automount Arbitrary Executab…rmats File System Automount Point.
[   19.302642] systemd[1]: Reached target Swap.
[[0;32m  OK  [0m] Reached target Swap.
[   19.310860] systemd[1]: Reached target System Time Synchronized.
[[0;32m  OK  [0m] Reached target System Time Synchronized.
[[0;32m  OK  [0m] Created slice System Slice.
[[0;32m  OK  [0m] Listening on LVM2 poll daemon socket.
[[0;32m  OK  [0m] Listening on udev Control Socket.
[[0;32m  OK  [0m] Listening on Journal Socket.
         Mounting Huge Pages File System...
         Starting Set the console keyboard layout...
         Mounting POSIX Message Queue File System...
         Starting Create list of required st…ce nodes for the current kernel...
         Starting Remount Root and Kernel File Systems...
[[0;32m  OK  [0m] Listening on [   19.567701] EXT4-fs (sda1): re-mounted. Opts: (null)
LVM2 metadata daemon socket.
[[0;32m  OK  [0m] Listening on Syslog Socket.
[[0;32m  OK  [0m] Listening on /dev/initctl Compatibility Named Pipe.
[[0;32m  OK  [0m] Listening on Network Service Netlink Socket.
[[0;32m  OK  [0m] Listening on Journal Audit Socket.
         Mounting Kernel Debug File System...
[[0;32m  OK  [0m] Listening on udev Kernel Socket.
         Starting udev Coldplug all Devices...
         Starting Uncomplicated firewall...
[[0;32m  OK  [0m] Listening on Journal Socket (/dev/log).
         Starting Journal Service...
[[0;32m  OK  [0m] Created slice system-serial\x2dgetty.slice.
[[0;32m  OK  [0m] Reached target Slices.
         Starting Load Kernel Modules...
[[0;32m  OK  [0m] Listening on Device-mapper event daemon FIFOs.
         Starting Monitoring of LVM2 mirrors…ng dmeventd or progress polling...
[[0;32m  OK  [0m] Mounted Huge Pages File System.
[[0;32m  OK  [0m] Started Journal Service.
[[0;32m  OK  [0m] Started Set the console keyboard layout.
[[0;32m  OK  [0m] Mounted POSIX Message Queue File System.
[[0;32m  OK  [0m] Started Create list of required sta…vice nodes for the current kernel.
[[0;32m  OK  [[   20.083208] Loading iSCSI transport class v2.0-870.
0m] Started Remount Root and Kernel File Systems.
[[0;32m  OK  [0m] Mounted Kernel Debug File System.
[   20.136537] iscsi: registered transport (tcp)
[[0;32m  OK  [0m] Started Uncomplicated firewall.
[[0;32m  OK  [0m] Started LVM2 metadata daemon.
         Starting Load/Save Random Seed...
         Starting Initial cloud-init job (pre-networking)...
         Starting Create Static Device Nodes in /dev...
         Starting Flush Journal to Persistent Storage...
[[0;32m  OK  [0m] Started udev Coldplug all Devices.
[[0;32m  OK  [0m] Started Create Static Device Nodes in /dev.
[[0;32m  OK  [0m] Started Load/Save Random Seed.
         Starting udev Kernel Device Manager...
[[0;32m  OK  [0m] Started Monitoring of LVM2 mirrors,…sing dmeventd or progress polling.
[[0;32m  OK  [0[   20.514227] systemd-journald[404]: Received request to flush runtime journal from PID 1
m] Reached target Local File Systems (Pre).
[[0;32m  OK  [0m] Reached target Local File Systems.
         Starting Tell Plymouth To Write Out Runtime Data...
         Starting Set console font and keymap...
         Starting ebtables ruleset management...
         Starting AppArmor initialization...
[[0;32m  OK  [0m] Started udev Kernel Device Manager.
[[0;32m  OK  [0m] Started Dispatch Password Requests to Console Directory Watch.
[[0;32m  OK  [0m] Reached target Local Encrypted Volumes.
[   20.754252] iscsi: registered transport (iser)
[[0;32m  OK  [0m] Started Load Kernel Modules.
         Starting Apply Kernel Variables...
         Mounting FUSE Control File System...
         Mounting Kernel Configuration File System...
[[0;32m  OK  [0m] Mounted FUSE Control File System.
[[0;32m  OK  [0m] Mounted Kernel Configuration File System.
[[0;32m  OK  [0m] Started Tell Plymouth To Write Out Runtime Data.
[[0;32m  OK  [0m] Started Set console font and keymap.
[[0;32m  OK  [0m] Started Apply Kernel Variables.
[[0;32m  OK  [0m] Found device /dev/ttyS0.
[[0;32m  OK  [0m] Listening on Load/Save RF Kill Switch Status /dev/rfkill Watch.
[[0;32m  OK  [0m] Started Flush Journal to Persistent Storage.
[[0;32m  OK  [0m] Started ebtables ruleset management.
         Starting Create Volatile Files and Directories...
[[0;32m  OK  [0m] Started Create Volatile Files and Directories.
         Starting Update UTMP about System Boot/Shutdown...
[[0;32m  OK  [0m] Started Update UTMP about System Boot/Shutdown.
[[0;32m  OK  [0m] Started AppArmor initialization.
[   25.613574] cloud-init[416]: Cloud-init v. 18.4-0ubuntu1~18.04.1 running 'init-local' at Sun, 05 Jan 2020 06:29:15 +0000. Up 25.14 seconds.
[[0;32m  OK  [0m] Started Initial cloud-init job (pre-networking).
[[0;32m  OK  [0m] Reached target Network (Pre).
         Starting Network Service...
[[0;32m  OK  [0m] Started Network Service.
         Starting Network Name Resolution...
         Starting Wait for Network to be Configured...
[[0;32m  OK  [0m] Started Network Name Resolution.
[[0;32m  OK  [0m] Reached target Host and Network Name Lookups.
[[0;32m  OK  [0m] Reached target Network.
[[0;32m  OK  [0m] Started Wait for Network to be Configured.
         Starting Initial cloud-init job (metadata service crawler)...
[   31.232730] cloud-init[710]: Cloud-init v. 18.4-0ubuntu1~18.04.1 running 'init' at Sun, 05 Jan 2020 06:29:20 +0000. Up 30.27 seconds.
[   31.377493] cloud-init[710]: ci-info: ++++++++++++++++++++++++++++++++++++++Net device info+++++++++++++++++++++++++++++++++++++++
[   31.394042] cloud-init[710]: ci-info: +--------+------+-----------------------------+---------------+--------+-------------------+
[   31.433346] cloud-init[710]: ci-info: | Device |  Up  |           Address           |      Mask     | Scope  |     Hw-Address    |
[   31.472899] cloud-init[710]: ci-info: +--------+------+-----------------------------+---------------+--------+-------------------+
[   31.506628] cloud-init[710]: ci-info: | enp0s3 | True |          10.0.2.15          | 255.255.255.0 | global | 02:88:80:28:66:3a |
[   31.543438] cloud-init[710]: ci-info: | enp0s3 | True |  fe80::88:80ff:fe28:663a/64 |       .       |  link  | 02:88:80:28:66:3a |
[   31.700432] cloud-init[710]: ci-info: | enp0s8 | True |        192.168.33.10        | 255.255.255.0 | global | 08:00:27:1a:2b:41 |
[   31.837952] cloud-init[710]: ci-info: | enp0s8 | True | fe80::a00:27ff:fe1a:2b41/64 |       .       |  link  | 08:00:27:1a:2b:41 |
[   31.863609] cloud-init[710]: ci-info: |   lo   | True |          127.0.0.1          |   255.0.0.0   |  host  |         .         |
[   31.876763] cloud-init[710]: ci-info: |   lo   | True |           ::1/128           |       .       |  host  |         .         |
[   31.890026] cloud-init[710]: ci-info: +--------+------+-----------------------------+---------------+--------+-------------------+
[   31.930398] cloud-init[710]: ci-info: +++++++++++++++++++++++++++++Route IPv4 info+++++++++++++++++++++++++++++
[   31.964868] cloud-init[710]: ci-info: +-------+--------------+----------+-----------------+-----------+-------+
[   32.004996] cloud-init[710]: ci-info: | Route | Destination  | Gateway  |     Genmask     | Interface | Flags |
[   32.054716] cloud-init[710]: ci-info: +-------+--------------+----------+-----------------+-----------+-------+
[   32.152439] cloud-init[710]: ci-info: |   0   |   0.0.0.0    | 10.0.2.2 |     0.0.0.0     |   enp0s3  |   UG  |
[[0;32m  OK  [0m] Started Initial cloud-init job (metadata service crawler).
[[0;32m  OK  [0m] Reached target Cloud-config availability.
[   32.220380] cloud-init[710]: ci-info: |   1   |   10.0.2.0   | 0.0.0.0  |  255.255.255.0  |   enp0s3  |   U   |
[[0;32m  OK  [0m] Reached target Network is Online.
[   32.274233] cloud-init[710]: ci-info: |   2   |   10.0.2.2   | 0.0.0.0  | 255.255.255.255 |   enp0s3  |   UH  |
[   32.306723] cloud-init[710]: ci-info: |   3   | 192.168.33.0 | 0.0.0.0  |  255.255.255.0  |   enp0s8  |   U   |
[   32.341797] cloud-init[710]: ci-info: +-------+--------------+----------+-----------------+-----------+-------+
[[0;32m  OK  [0m] Reached target Remote File Systems (Pre).
[[0;32m  OK  [0m] Reached target Remote File Systems.
[   32.354670] cloud-init[710]: ci-info: +++++++++++++++++++Route IPv6 info+++++++++++++++++++
         Starting Availability of block devices...
[[0;32m  OK  [0m] Reached target System Initialization.
[   32.395130] cloud-init[710]: ci-info: +-------+-------------+---------+-----------+-------+         Starting LXD - unix socket.

[   32.416305] cloud-init[710]: ci-info: | Route | Destination | Gateway | Interface | Flags |
[   32.428321] cloud-init[710]: ci-info: +-------+-------------+---------+-----------+-------+
[   32.428508] cloud-init[710]: ci-info: |   1   |  fe80::/64  |    ::   |   enp0s8  |   U   |
[   32.428807] cloud-init         Starting Socket activation for snappy daemon.
[[0;32m  OK  [0m] Listening on ACPID Listen Socket.
[[0;32m  OK  [0m] [710]: ci-info: |   2   |  fe80::/64  |    ::   |   enp0s3  |   U   |
[   32.442368] cloud-init[710]: ci-info: |   4   |    local    |    ::   |   enp0s3  |   U   |
[   32.442545] cloud-init[710]: ci-info: |   5   |    local    |    ::   |   enp0s8  |   U   |
[   32.442731] cloud-init[710]: ci-info: |   6   |   ff00::/8  |    ::   |   enp0s8  |   U   |
[   32.442905] cloud-init[710]: ci-info: |   7   |   ff00::/8  |    ::   |   enp0s3  |   U   |
[   32.443004] cloud-init[710]: ci-info: +-------+-------------+---------+-----------+-------+
Started Discard unused blocks once a week.
[[0;32m  OK  [0m] Listening on D-Bus System Message Bus Socket.
[[0;32m  OK  [0m] Started ACPI Events Check.
[[0;32m  OK  [0m] Reached target Paths.
[[0;32m  OK  [0m] Listening on UUID daemon activation socket.
[[0;32m  OK  [0m] Started Daily apt download activities.
[[0;32m  OK  [0m] Started Message of the Day.
[[0;32m  OK  [0m] Started Daily apt upgrade and clean activities.
[[0;32m  OK  [0m] Listening on Open-iSCSI iscsid Socket.
[[0;32m  OK  [0m] Started Daily Cleanup of Temporary Directories.
[[0;32m  OK  [0m] Reached target Timers.
[[0;32m  OK  [0m] Started Availability of block devices.
[[0;32m  OK  [0m] Listening on LXD - unix socket.
[[0;32m  OK  [0m] Listening on Socket activation for snappy daemon.
[[0;32m  OK  [0m] Reached target Sockets.
[[0;32m  OK  [0m] Reached target Basic System.
         Starting vboxadd.service...
         Starting LSB: automatic crash report generation...
         Starting LSB: Record successful boot for GRUB...
         Starting System Logging Service...
[[0;32m  OK  [0m] Started D-Bus System Message Bus.
[[0;32m  OK  [0m] Started Regular background program processing daemon.
         Starting Login Service...
         Starting Dispatcher daemon for systemd-networkd...
         Starting Permit User Sessions...
[[0;32m  OK  [0m] Started irqbalance daemon.
         Starting Snappy daemon...
         Starting OpenBSD Secure Shell server...
[[0;32m  OK  [0m] Started Deferred execution scheduler.
[[0;32m  OK  [0m] Started FUSE filesystem for LXC.
         Starting Accounts Service...
         Starting LXD - container startup/shutdown...
[[0;32m  OK  [0m] Started System Logging Service.
[[0;32m  OK  [0m] Started Permit User Sessions.
         Starting Terminate Plymouth Boot Screen...
         Starting Hold until boot process finishes up...
[[0;32m  OK  [0m] Started Terminate Plymouth Boot Screen.
[[0;32m  OK  [0m] Started Hold until boot process finishes up.
[[0;32m  OK  [0m] Started Serial Getty on ttyS0.
         Starting Set console scheme...
[[0;32m  OK  [0m] Started Login Service.
[[0;32m  OK  [0m] Started Unattended Upgrades Shutdown.
[[0;32m  OK  [0m] Started Set console scheme.
[[0;32m  OK  [0m] Created slice system-getty.slice.
[[0;32m  OK  [0m] Started Getty on tty1.
[[0;32m  OK  [0m] Reached target Login Prompts.
[[0;32m  OK  [0m] Started LSB: automatic crash report generation.
[[0;32m  OK  [0m] Started LSB: Record successful boot for GRUB.
[[0;32m  OK  [0m] Started OpenBSD Secure Shell server.
         Starting Authorization Manager...
[[0;32m  OK  [0m] Created slice User Slice of vagrant.
[[0;32m  OK  [0m] Started Authorization Manager.
[[0;32m  OK  [0m] Started Accounts Service.
[[0;32m  OK  [0m] Started Session 1 of user vagrant.
         Starting User Manager for UID 1000...
[[0;32m  OK  [0m] Started Dispatcher daemon for systemd-networkd.
[[0;32m  OK  [0m] Started Snappy daemon.
         Starting Wait until snapd is fully seeded...
[[0;32m  OK  [0m] Started Wait until snapd is fully seeded.
         Starting Apply the settings specified in cloud-config...
[[0;32m  OK  [0m] Started LXD - container startup/shutdown.
[[0;32m  OK  [0m] Started User Manager for UID 1000.
[   39.967589] cloud-init[1006]: Cloud-init v. 18.4-0ubuntu1~18.04.1 running 'modules:config' at Sun, 05 Jan 2020 06:29:30 +0000. Up 39.50 seconds.

Ubuntu 18.04.2 LTS ubuntu-bionic ttyS0

ubuntu-bionic login: [   45.206735] cloud-init[1239]: Cloud-init v. 18.4-0ubuntu1~18.04.1 running 'modules:final' at Sun, 05 Jan 2020 06:29:35 +0000. Up 44.86 seconds.
[   45.212565] cloud-init[1239]: Cloud-init v. 18.4-0ubuntu1~18.04.1 finished at Sun, 05 Jan 2020 06:29:35 +0000. Datasource DataSourceNoCloud [seed=/dev/sdb][dsmode=net].  Up 45.18 seconds
